
> tmp-app@0.1.0 build
> next build

â–˛ Next.js 16.2.3 (Turbopack)
- Environments: .env.local

  Creating an optimized production build ...

> Build error occurred
Error: Turbopack build failed with 3 errors:
./node_modules/react-dom/client.js:35:20
Module not found: Can't resolve './cjs/react-dom-client.production.js'


Import trace:
  Browser:
    ./node_modules/react-dom/client.js
    ./node_modules/next/dist/client/index.js
    ./node_modules/next/dist/client/next-turbopack.js

https://nextjs.org/docs/messages/module-not-found


./node_modules/react-dom/index.js:35:20
Module not found: Can't resolve './cjs/react-dom.production.js'


Import trace:
  Browser:
    ./node_modules/react-dom/index.js
    ./node_modules/next/dist/client/script.js
    ./node_modules/next/dist/client/index.js
    ./node_modules/next/dist/client/next-turbopack.js

https://nextjs.org/docs/messages/module-not-found


./node_modules/react-is/index.js:4:20
Module not found: Can't resolve './cjs/react-is.production.min.js'
  [90m2 |[0m
  [90m3 |[0m [36mif[0m (process.env.[33mNODE_ENV[0m === [32m'production'[0m) {
[31m[1m>[0m [90m4 |[0m   module.exports = require([32m'./cjs/react-is.production.min.js'[0m);
  [90m  |[0m                    [31m[1m^^^^^^^^^^^^^^^^^^^^^^^^^^^^^^^^^^^^^^^^^^^[0m
  [90m5 |[0m } [36melse[0m {
  [90m6 |[0m   module.exports = require([32m'./cjs/react-is.development.js'[0m);
  [90m7 |[0m }



Import traces:
  Client Component Browser:
    ./node_modules/react-is/index.js [Client Component Browser]
    ./node_modules/recharts/es6/util/ReactUtils.js [Client Component Browser]
    ./node_modules/recharts/es6/cartesian/Bar.js [Client Component Browser]
    ./src/components/OverloadChart.tsx [Client Component Browser]
    ./src/app/(app)/dashboard/page.tsx [Client Component Browser]
    ./src/app/(app)/dashboard/page.tsx [Server Component]

  Client Component SSR:
    ./node_modules/react-is/index.js [Client Component SSR]
    ./node_modules/recharts/es6/util/ReactUtils.js [Client Component SSR]
    ./node_modules/recharts/es6/cartesian/Bar.js [Client Component SSR]
    ./src/components/OverloadChart.tsx [Client Component SSR]
    ./src/app/(app)/dashboard/page.tsx [Client Component SSR]
    ./src/app/(app)/dashboard/page.tsx [Server Component]

https://nextjs.org/docs/messages/module-not-found


    at <unknown> (https://nextjs.org/docs/messages/module-not-found)
    at <unknown> (https://nextjs.org/docs/messages/module-not-found)
    at <unknown> (https://nextjs.org/docs/messages/module-not-found)
